<?xml version="1.0" encoding="UTF-8"?>
<testng-results ignored="0" total="3" passed="3" failed="0" skipped="0">
  <reporter-output>
  </reporter-output>
  <suite started-at="2023-05-01T03:29:26Z" name="Default suite" finished-at="2023-05-01T03:29:27Z" duration-ms="483">
    <groups>
    </groups>
    <test started-at="2023-05-01T03:29:26Z" name="Default test" finished-at="2023-05-01T03:29:27Z" duration-ms="483">
      <class name="ExcelDataDriven.DataManagementWithHashTable">
        <test-method signature="f(java.util.Hashtable)[pri:0, instance:ExcelDataDriven.DataManagementWithHashTable@399c4be1]" started-at="2023-05-01T03:29:26Z" name="f" data-provider="getData" finished-at="2023-05-01T03:29:26Z" duration-ms="7" status="PASS">
          <params>
            <param index="0">
              <value>
                <![CDATA[{RunMode=N, UserPassword=dummy2, UserName=dummy1, Browser=chrome}]]>
              </value>
            </param>
          </params>
          <reporter-output>
          </reporter-output>
        </test-method> <!-- f -->
        <test-method signature="f(java.util.Hashtable)[pri:0, instance:ExcelDataDriven.DataManagementWithHashTable@399c4be1]" started-at="2023-05-01T03:29:26Z" name="f" data-provider="getData" finished-at="2023-05-01T03:29:26Z" duration-ms="1" status="PASS">
          <params>
            <param index="0">
              <value>
                <![CDATA[{RunMode=Y, UserPassword=dummy4, UserName=dummy3, Browser=firefox}]]>
              </value>
            </param>
          </params>
          <reporter-output>
          </reporter-output>
        </test-method> <!-- f -->
        <test-method signature="f(java.util.Hashtable)[pri:0, instance:ExcelDataDriven.DataManagementWithHashTable@399c4be1]" started-at="2023-05-01T03:29:26Z" name="f" data-provider="getData" finished-at="2023-05-01T03:29:27Z" duration-ms="1" status="PASS">
          <params>
            <param index="0">
              <value>
                <![CDATA[{RunMode=N, UserPassword=dummy6, UserName=dummy5, Browser=firefox}]]>
              </value>
            </param>
          </params>
          <reporter-output>
          </reporter-output>
        </test-method> <!-- f -->
      </class> <!-- ExcelDataDriven.DataManagementWithHashTable -->
    </test> <!-- Default test -->
  </suite> <!-- Default suite -->
</testng-results>
